<?xml version="1.0" encoding="UTF-8"?>
<!-- Generated by org.testng.reporters.JUnitReportReporter -->
<testsuite hostname="HP" name="com.example.tests.CalPercentage" tests="1" failures="0" timestamp="27 Feb 2018 07:33:53 GMT" time="47.248" errors="0">
  <testcase name="testCalPercentage" time="47.248" classname="com.example.tests.CalPercentage"/>
</testsuite> <!-- com.example.tests.CalPercentage -->
