<?xml version="1.0" encoding="UTF-8"?>
<!-- Generated by org.testng.reporters.JUnitReportReporter -->
<testsuite hostname="thinkcube-lap" name="com.example.tests.NewTest1" tests="2" failures="0" timestamp="29 Aug 2017 05:08:09 GMT" time="0.025" errors="0">
  <testcase name="f" time="0.022" classname="com.example.tests.NewTest1"/>
  <testcase name="f" time="0.003" classname="com.example.tests.NewTest1"/>
</testsuite> <!-- com.example.tests.NewTest1 -->
