<?xml version="1.0" encoding="UTF-8"?>
<!-- Generated by org.testng.reporters.JUnitReportReporter -->
<testsuite hostname="thinkcube-lap" name="com.example.tests.MyTestNGClass" tests="4" failures="0" timestamp="29 Aug 2017 05:07:32 GMT" time="0.018" errors="0">
  <testcase name="first" time="0.011" classname="com.example.tests.MyTestNGClass"/>
  <testcase name="second" time="0.002" classname="com.example.tests.MyTestNGClass"/>
  <testcase name="second" time="0.003" classname="com.example.tests.MyTestNGClass"/>
  <testcase name="first" time="0.002" classname="com.example.tests.MyTestNGClass"/>
</testsuite> <!-- com.example.tests.MyTestNGClass -->
