<?xml version="1.0" encoding="UTF-8"?>
<!-- Generated by org.testng.reporters.JUnitReportReporter -->
<testsuite hostname="HP" name="com.example.com.example.tests.ParallelTest" tests="3" failures="0" timestamp="27 Feb 2018 07:29:47 GMT" time="30.232" errors="0">
  <testcase name="TC1" time="10.100" classname="com.example.com.example.tests.ParallelTest"/>
  <testcase name="TC3" time="10.065" classname="com.example.com.example.tests.ParallelTest"/>
  <testcase name="TC2" time="10.067" classname="com.example.com.example.tests.ParallelTest"/>
</testsuite> <!-- com.example.com.example.tests.ParallelTest -->
